<?xml version="1.0" encoding="UTF-8"?>
<testsuite xmlns:xsi="http://www.w3.org/2001/XMLSchema-instance" xsi:noNamespaceSchemaLocation="https://maven.apache.org/surefire/maven-surefire-plugin/xsd/surefire-test-report-3.0.xsd" version="3.0" name="org.springframework.samples.petclinic.MySqlIntegrationTests" time="43.676" tests="2" errors="0" skipped="0" failures="0">
  <properties>
[...]
</properties>
  <testcase name="testFindAll" classname="org.springframework.samples.petclinic.MySqlIntegrationTests" time="0.372">
    <system-out><![CDATA[2025-11-19T01:44:43.195Z  INFO 110941 --- [           main] o.t.d.DockerClientProviderStrategy       : Loaded org.testcontainers.dockerclient.UnixSocketClientProviderStrategy from ~/.testcontainers.properties, will try it first
2025-11-19T01:44:43.708Z  INFO 110941 --- [           main] o.t.d.DockerClientProviderStrategy       : Found Docker environment with local Unix socket (unix:///var/run/docker.sock)
2025-11-19T01:44:43.752Z  INFO 110941 --- [           main] org.testcontainers.DockerClientFactory   : Docker host IP address is 172.17.0.1
2025-11-19T01:44:43.784Z  INFO 110941 --- [           main] org.testcontainers.DockerClientFactory   : Connected to docker: 
  Server Version: 28.5.1-1
  API Version: 1.51
  Operating System: Ubuntu 24.04.3 LTS (containerized)
  Total Memory: 7944 MB
2025-11-19T01:44:43.812Z  INFO 110941 --- [           main] org.testcontainers.images.PullPolicy     : Image pull policy will be performed by: DefaultPullPolicy()
2025-11-19T01:44:43.816Z  INFO 110941 --- [           main] o.t.utility.ImageNameSubstitutor         : Image name substitution will be performed by: DefaultImageNameSubstitutor (composite of 'ConfigurationFileImageNameSubstitutor' and 'PrefixingImageNameSubstitutor')
2025-11-19T01:44:43.855Z  INFO 110941 --- [           main] tc.testcontainers/ryuk:0.5.1             : Creating container for image: testcontainers/ryuk:0.5.1
2025-11-19T01:44:44.096Z  INFO 110941 --- [           main] tc.testcontainers/ryuk:0.5.1             : Container testcontainers/ryuk:0.5.1 is starting: 26fd4451228f2d5dceebc9f78ace2c699ad1aea4931fffdfec8595e0a6907e40
2025-11-19T01:44:44.684Z  INFO 110941 --- [           main] tc.testcontainers/ryuk:0.5.1             : Container testcontainers/ryuk:0.5.1 started in PT0.828849462S
2025-11-19T01:44:44.691Z  INFO 110941 --- [           main] o.t.utility.RyukResourceReaper           : Ryuk started - will monitor and terminate Testcontainers containers on JVM exit
2025-11-19T01:44:44.692Z  INFO 110941 --- [           main] org.testcontainers.DockerClientFactory   : Checking the system...
2025-11-19T01:44:44.693Z  INFO 110941 --- [           main] org.testcontainers.DockerClientFactory   : ✔︎ Docker server version should be at least 1.6.0
2025-11-19T01:44:44.714Z  INFO 110941 --- [           main] t.c.s.AnnotationConfigContextLoaderUtils : Could not detect default configuration classes for test class [org.springframework.samples.petclinic.MySqlIntegrationTests]: MySqlIntegrationTests does not declare any static, non-private, non-final, nested classes annotated with @Configuration.
2025-11-19T01:44:44.749Z  INFO 110941 --- [           main] .b.t.c.SpringBootTestContextBootstrapper : Found @SpringBootConfiguration org.springframework.samples.petclinic.PetClinicApplication for test class org.springframework.samples.petclinic.MySqlIntegrationTests
2025-11-19T01:44:44.762Z  INFO 110941 --- [           main] tc.mysql:8.2                             : Creating container for image: mysql:8.2
2025-11-19T01:44:44.873Z  INFO 110941 --- [           main] tc.mysql:8.2                             : Container mysql:8.2 is starting: 68c3bfb5a9cd56aa09feba23e0b53fd73fedd4ea2f9be508734b0d6b808fc50b
2025-11-19T01:44:45.129Z  INFO 110941 --- [           main] tc.mysql:8.2                             : Waiting for database connection to become available at jdbc:mysql://172.17.0.1:32773/test using query 'SELECT 1'
2025-11-19T01:45:01.696Z  INFO 110941 --- [           main] tc.mysql:8.2                             : Container mysql:8.2 started in PT16.934331807S
2025-11-19T01:45:01.697Z  INFO 110941 --- [           main] tc.mysql:8.2                             : Container is started (JDBC URL: jdbc:mysql://172.17.0.1:32773/test)
2025-11-19T01:45:01.729Z  INFO 110941 --- [           main] o.s.b.d.r.RestartApplicationListener     : Restart disabled due to context in which it is running


              |\      _,,,--,,_
             /,`.-'`'   ._  \-;;,_
  _______ __|,4-  ) )_   .;.(__`'-'__     ___ __    _ ___ _______
 |       | '---''(_/._)-'(_\_)   |   |   |   |  |  | |   |       |
 |    _  |    ___|_     _|       |   |   |   |   |_| |   |       | __ _ _
 |   |_| |   |___  |   | |       |   |   |   |       |   |       | \ \ \ \
 |    ___|    ___| |   | |      _|   |___|   |  _    |   |      _|  \ \ \ \
 |   |   |   |___  |   | |     |_|       |   | | |   |   |     |_    ) ) ) )
 |___|   |_______| |___| |_______|_______|___|_|  |__|___|_______|  / / / /
 ==================================================================/_/_/_/

:: Built with Spring Boot :: 3.2.0


2025-11-19T01:45:01.909Z  INFO 110941 --- [           main] o.s.s.petclinic.MySqlIntegrationTests    : Starting MySqlIntegrationTests using Java 17.0.16 with PID 110941 (started by codespace in /workspaces/devSecOps)
2025-11-19T01:45:01.909Z  INFO 110941 --- [           main] o.s.s.petclinic.MySqlIntegrationTests    : The following 1 profile is active: "mysql"
2025-11-19T01:45:03.185Z  INFO 110941 --- [           main] .s.d.r.c.RepositoryConfigurationDelegate : Bootstrapping Spring Data JPA repositories in DEFAULT mode.
2025-11-19T01:45:03.267Z  INFO 110941 --- [           main] .s.d.r.c.RepositoryConfigurationDelegate : Finished Spring Data repository scanning in 71 ms. Found 2 JPA repository interfaces.
2025-11-19T01:45:04.738Z  INFO 110941 --- [           main] o.s.b.w.embedded.tomcat.TomcatWebServer  : Tomcat initialized with port 0 (http)
2025-11-19T01:45:04.762Z  INFO 110941 --- [           main] o.apache.catalina.core.StandardService   : Starting service [Tomcat]
2025-11-19T01:45:04.764Z  INFO 110941 --- [           main] o.apache.catalina.core.StandardEngine    : Starting Servlet engine: [Apache Tomcat/10.1.16]
2025-11-19T01:45:04.903Z  INFO 110941 --- [           main] o.a.c.c.C.[Tomcat].[localhost].[/]       : Initializing Spring embedded WebApplicationContext
2025-11-19T01:45:04.904Z  INFO 110941 --- [           main] w.s.c.ServletWebServerApplicationContext : Root WebApplicationContext: initialization completed in 2985 ms
2025-11-19T01:45:05.422Z  INFO 110941 --- [           main] com.zaxxer.hikari.HikariDataSource       : HikariPool-1 - Starting...
2025-11-19T01:45:05.707Z  INFO 110941 --- [           main] com.zaxxer.hikari.pool.HikariPool        : HikariPool-1 - Added connection com.mysql.cj.jdbc.ConnectionImpl@17e88ae
2025-11-19T01:45:05.709Z  INFO 110941 --- [           main] com.zaxxer.hikari.HikariDataSource       : HikariPool-1 - Start completed.
2025-11-19T01:45:06.413Z  INFO 110941 --- [           main] o.hibernate.jpa.internal.util.LogHelper  : HHH000204: Processing PersistenceUnitInfo [name: default]
2025-11-19T01:45:06.508Z  INFO 110941 --- [           main] org.hibernate.Version                    : HHH000412: Hibernate ORM core version 6.3.1.Final
2025-11-19T01:45:06.570Z  INFO 110941 --- [           main] o.h.c.internal.RegionFactoryInitiator    : HHH000026: Second-level cache disabled
2025-11-19T01:45:06.788Z  INFO 110941 --- [           main] o.s.o.j.p.SpringPersistenceUnitInfo      : No LoadTimeWeaver setup: ignoring JPA class transformer
2025-11-19T01:45:08.572Z  INFO 110941 --- [           main] o.h.e.t.j.p.i.JtaPlatformInitiator       : HHH000489: No JTA platform available (set 'hibernate.transaction.jta.platform' to enable JTA platform integration)
2025-11-19T01:45:08.576Z  INFO 110941 --- [           main] j.LocalContainerEntityManagerFactoryBean : Initialized JPA EntityManagerFactory for persistence unit 'default'
2025-11-19T01:45:08.609Z  INFO 110941 --- [           main] tc.mysql:8.2                             : Creating container for image: mysql:8.2
2025-11-19T01:45:08.731Z  INFO 110941 --- [           main] tc.mysql:8.2                             : Container mysql:8.2 is starting: 90e41487bf8e62d155df3c75c24144cb98c8525990d355b298337935949af35f
2025-11-19T01:45:08.984Z  INFO 110941 --- [           main] tc.mysql:8.2                             : Waiting for database connection to become available at jdbc:mysql://172.17.0.1:32774/test using query 'SELECT 1'
2025-11-19T01:45:23.595Z  INFO 110941 --- [           main] tc.mysql:8.2                             : Container mysql:8.2 started in PT14.986129036S
2025-11-19T01:45:23.596Z  INFO 110941 --- [           main] tc.mysql:8.2                             : Container is started (JDBC URL: jdbc:mysql://172.17.0.1:32774/test)
2025-11-19T01:45:24.526Z  INFO 110941 --- [           main] o.s.d.j.r.query.QueryEnhancerFactory     : Hibernate is in classpath; If applicable, HQL parser will be used.
2025-11-19T01:45:26.994Z  INFO 110941 --- [           main] o.s.b.a.e.web.EndpointLinksResolver      : Exposing 13 endpoint(s) beneath base path '/actuator'
2025-11-19T01:45:27.193Z  INFO 110941 --- [           main] o.s.b.w.embedded.tomcat.TomcatWebServer  : Tomcat started on port 45317 (http) with context path ''
2025-11-19T01:45:27.210Z  INFO 110941 --- [           main] o.s.s.petclinic.MySqlIntegrationTests    : Started MySqlIntegrationTests in 25.483 seconds (process running for 58.064)
]]></system-out>
  </testcase>
  <testcase name="testOwnerDetails" classname="org.springframework.samples.petclinic.MySqlIntegrationTests" time="0.437">
    <system-out><![CDATA[2025-11-19T01:45:27.830Z  INFO 110941 --- [o-auto-1-exec-1] o.a.c.c.C.[Tomcat].[localhost].[/]       : Initializing Spring DispatcherServlet 'dispatcherServlet'
2025-11-19T01:45:27.830Z  INFO 110941 --- [o-auto-1-exec-1] o.s.web.servlet.DispatcherServlet        : Initializing Servlet 'dispatcherServlet'
2025-11-19T01:45:27.831Z  INFO 110941 --- [o-auto-1-exec-1] o.s.web.servlet.DispatcherServlet        : Completed initialization in 1 ms
]]></system-out>
  </testcase>
</testsuite>